1501115680014	geckodriver	INFO	Listening on 127.0.0.1:34267
1501115680116	geckodriver::marionette	INFO	Starting browser /usr/bin/firefox with args ["-marionette"]
1501115680826	Marionette	INFO	Listening on port 36643
1501115680935	Marionette	WARN	TLS certificate errors will be ignored for this session
ATTENTION: default value of option force_s3tc_enable overridden by environment.

###!!! [Parent][MessageChannel] Error: (msgtype=0x38000B,name=PCameras::Msg___delete__) Channel closing: too late to send/recv, messages will be lost

IPDL protocol error: Handler returned error code!

###!!! [Parent][DispatchAsyncMessage] Error: PCameras::Msg_AllDone Processing error: message was deserialized, but the handler returned false (indicating failure)

1501115807948	geckodriver	INFO	Listening on 127.0.0.1:56331
1501115808058	geckodriver::marionette	INFO	Starting browser /usr/bin/firefox with args ["-marionette"]
1501115808707	Marionette	INFO	Listening on port 36915
1501115808783	Marionette	WARN	TLS certificate errors will be ignored for this session
JavaScript warning: http://js2.t.sinajs.cn/t6/webim_prime/js/common/all.js?version=837158dbbf31783d, line 1: unreachable code after return statement
JavaScript warning: http://js2.t.sinajs.cn/t6/webim_prime/js/common/all.js?version=837158dbbf31783d, line 1: unreachable code after return statement
JavaScript warning: http://js.t.sinajs.cn/t6/webim_prime/js/webim.js?v=1501115842052, line 139: unreachable code after return statement
JavaScript warning: http://js.t.sinajs.cn/t6/webim_prime/js/webim.js?v=1501115842052, line 139: unreachable code after return statement
JavaScript warning: http://js.t.sinajs.cn/t6/webim_prime/js/webim.js?v=1501115842052, line 172: unreachable code after return statement
JavaScript warning: http://js.t.sinajs.cn/t6/webim_prime/js/webim.js?v=1501115842052, line 174: unreachable code after return statement
JavaScript warning: http://js.t.sinajs.cn/t6/webim_prime/js/webim.js?v=1501115842052, line 198: unreachable code after return statement
JavaScript warning: http://js.t.sinajs.cn/t6/webim_prime/js/webim.js?v=1501115842052, line 200: unreachable code after return statement
JavaScript warning: http://js.t.sinajs.cn/t6/webim_prime/js/webim.js?v=1501115842052, line 207: unreachable code after return statement
JavaScript warning: http://js.t.sinajs.cn/t6/webim_prime/js/webim.js?v=1501115842052, line 139: unreachable code after return statement
1501115917492	geckodriver	INFO	Listening on 127.0.0.1:54692
1501115917595	geckodriver::marionette	INFO	Starting browser /usr/bin/firefox with args ["-marionette"]
1501115918218	Marionette	INFO	Listening on port 39342
1501115918309	Marionette	WARN	TLS certificate errors will be ignored for this session
1501116241914	geckodriver	INFO	Listening on 127.0.0.1:44671
1501116242016	geckodriver::marionette	INFO	Starting browser /usr/bin/firefox with args ["-marionette"]
1501116242654	Marionette	INFO	Listening on port 37723
1501116242733	Marionette	WARN	TLS certificate errors will be ignored for this session
1501116283712	geckodriver	INFO	Listening on 127.0.0.1:46871
1501116283813	geckodriver::marionette	INFO	Starting browser /usr/bin/firefox with args ["-marionette"]
1501116284441	Marionette	INFO	Listening on port 41457
1501116284532	Marionette	WARN	TLS certificate errors will be ignored for this session
1501116371705	geckodriver	INFO	Listening on 127.0.0.1:46482
1501116371803	geckodriver::marionette	INFO	Starting browser /usr/bin/firefox with args ["-marionette"]
1501116372415	Marionette	INFO	Listening on port 36965
1501116372525	Marionette	WARN	TLS certificate errors will be ignored for this session
1501116405593	geckodriver	INFO	Listening on 127.0.0.1:48325
1501116405693	geckodriver::marionette	INFO	Starting browser /usr/bin/firefox with args ["-marionette"]
1501116406335	Marionette	INFO	Listening on port 36834
1501116406410	Marionette	WARN	TLS certificate errors will be ignored for this session
1501116441929	geckodriver	INFO	Listening on 127.0.0.1:49080
1501116442029	geckodriver::marionette	INFO	Starting browser /usr/bin/firefox with args ["-marionette"]
1501116442660	Marionette	INFO	Listening on port 33551
1501116442744	Marionette	WARN	TLS certificate errors will be ignored for this session
1501116578571	geckodriver	INFO	Listening on 127.0.0.1:41581
1501116578670	geckodriver::marionette	INFO	Starting browser /usr/bin/firefox with args ["-marionette"]
1501116579299	Marionette	INFO	Listening on port 34756
1501116579385	Marionette	WARN	TLS certificate errors will be ignored for this session
JavaScript warning: http://js2.t.sinajs.cn/t6/webim_prime/js/common/all.js?version=837158dbbf31783d, line 1: unreachable code after return statement
JavaScript warning: http://js2.t.sinajs.cn/t6/webim_prime/js/common/all.js?version=837158dbbf31783d, line 1: unreachable code after return statement
JavaScript warning: http://js.t.sinajs.cn/t6/webim_prime/js/webim.js?v=1501116591643, line 139: unreachable code after return statement
JavaScript warning: http://js.t.sinajs.cn/t6/webim_prime/js/webim.js?v=1501116591643, line 139: unreachable code after return statement
JavaScript warning: http://js.t.sinajs.cn/t6/webim_prime/js/webim.js?v=1501116591643, line 172: unreachable code after return statement
JavaScript warning: http://js.t.sinajs.cn/t6/webim_prime/js/webim.js?v=1501116591643, line 174: unreachable code after return statement
JavaScript warning: http://js.t.sinajs.cn/t6/webim_prime/js/webim.js?v=1501116591643, line 198: unreachable code after return statement
JavaScript warning: http://js.t.sinajs.cn/t6/webim_prime/js/webim.js?v=1501116591643, line 200: unreachable code after return statement
JavaScript warning: http://js.t.sinajs.cn/t6/webim_prime/js/webim.js?v=1501116591643, line 207: unreachable code after return statement
JavaScript warning: http://js.t.sinajs.cn/t6/webim_prime/js/webim.js?v=1501116591643, line 139: unreachable code after return statement
JavaScript warning: http://js2.t.sinajs.cn/t6/webim_prime/js/common/all.js?version=837158dbbf31783d, line 1: unreachable code after return statement
JavaScript warning: http://js2.t.sinajs.cn/t6/webim_prime/js/common/all.js?version=837158dbbf31783d, line 1: unreachable code after return statement
JavaScript warning: http://js.t.sinajs.cn/t6/webim_prime/js/webim.js?v=1501116642203, line 139: unreachable code after return statement
JavaScript warning: http://js.t.sinajs.cn/t6/webim_prime/js/webim.js?v=1501116642203, line 139: unreachable code after return statement
JavaScript warning: http://js.t.sinajs.cn/t6/webim_prime/js/webim.js?v=1501116642203, line 172: unreachable code after return statement
JavaScript warning: http://js.t.sinajs.cn/t6/webim_prime/js/webim.js?v=1501116642203, line 174: unreachable code after return statement
JavaScript warning: http://js.t.sinajs.cn/t6/webim_prime/js/webim.js?v=1501116642203, line 198: unreachable code after return statement
JavaScript warning: http://js.t.sinajs.cn/t6/webim_prime/js/webim.js?v=1501116642203, line 200: unreachable code after return statement
JavaScript warning: http://js.t.sinajs.cn/t6/webim_prime/js/webim.js?v=1501116642203, line 207: unreachable code after return statement
JavaScript warning: http://js.t.sinajs.cn/t6/webim_prime/js/webim.js?v=1501116642203, line 139: unreachable code after return statement
1501134532488	geckodriver	INFO	Listening on 127.0.0.1:42155
1501134532590	geckodriver::marionette	INFO	Starting browser /usr/bin/firefox with args ["-marionette"]
1501134533206	Marionette	INFO	Listening on port 36280
1501134533309	Marionette	WARN	TLS certificate errors will be ignored for this session
JavaScript warning: http://js2.t.sinajs.cn/t6/webim_prime/js/common/all.js?version=837158dbbf31783d, line 1: unreachable code after return statement
JavaScript warning: http://js2.t.sinajs.cn/t6/webim_prime/js/common/all.js?version=837158dbbf31783d, line 1: unreachable code after return statement
JavaScript warning: http://js.t.sinajs.cn/t6/webim_prime/js/webim.js?v=1501134541412, line 139: unreachable code after return statement
JavaScript warning: http://js.t.sinajs.cn/t6/webim_prime/js/webim.js?v=1501134541412, line 139: unreachable code after return statement
JavaScript warning: http://js.t.sinajs.cn/t6/webim_prime/js/webim.js?v=1501134541412, line 172: unreachable code after return statement
JavaScript warning: http://js.t.sinajs.cn/t6/webim_prime/js/webim.js?v=1501134541412, line 174: unreachable code after return statement
JavaScript warning: http://js.t.sinajs.cn/t6/webim_prime/js/webim.js?v=1501134541412, line 198: unreachable code after return statement
JavaScript warning: http://js.t.sinajs.cn/t6/webim_prime/js/webim.js?v=1501134541412, line 200: unreachable code after return statement
JavaScript warning: http://js.t.sinajs.cn/t6/webim_prime/js/webim.js?v=1501134541412, line 207: unreachable code after return statement
JavaScript warning: http://js.t.sinajs.cn/t6/webim_prime/js/webim.js?v=1501134541412, line 139: unreachable code after return statement
JavaScript warning: http://js2.t.sinajs.cn/t6/webim_prime/js/common/all.js?version=837158dbbf31783d, line 1: unreachable code after return statement
JavaScript warning: http://js2.t.sinajs.cn/t6/webim_prime/js/common/all.js?version=837158dbbf31783d, line 1: unreachable code after return statement
JavaScript warning: http://js.t.sinajs.cn/t6/webim_prime/js/webim.js?v=1501134595038, line 139: unreachable code after return statement
JavaScript warning: http://js.t.sinajs.cn/t6/webim_prime/js/webim.js?v=1501134595038, line 139: unreachable code after return statement
JavaScript warning: http://js.t.sinajs.cn/t6/webim_prime/js/webim.js?v=1501134595038, line 172: unreachable code after return statement
JavaScript warning: http://js.t.sinajs.cn/t6/webim_prime/js/webim.js?v=1501134595038, line 174: unreachable code after return statement
JavaScript warning: http://js.t.sinajs.cn/t6/webim_prime/js/webim.js?v=1501134595038, line 198: unreachable code after return statement
JavaScript warning: http://js.t.sinajs.cn/t6/webim_prime/js/webim.js?v=1501134595038, line 200: unreachable code after return statement
JavaScript warning: http://js.t.sinajs.cn/t6/webim_prime/js/webim.js?v=1501134595038, line 207: unreachable code after return statement
JavaScript warning: http://js.t.sinajs.cn/t6/webim_prime/js/webim.js?v=1501134595038, line 139: unreachable code after return statement
JavaScript warning: http://js2.t.sinajs.cn/t6/webim_prime/js/common/all.js?version=837158dbbf31783d, line 1: unreachable code after return statement
JavaScript warning: http://js2.t.sinajs.cn/t6/webim_prime/js/common/all.js?version=837158dbbf31783d, line 1: unreachable code after return statement
JavaScript warning: http://js.t.sinajs.cn/t6/webim_prime/js/webim.js?v=1501134659107, line 139: unreachable code after return statement
JavaScript warning: http://js.t.sinajs.cn/t6/webim_prime/js/webim.js?v=1501134659107, line 139: unreachable code after return statement
JavaScript warning: http://js.t.sinajs.cn/t6/webim_prime/js/webim.js?v=1501134659107, line 172: unreachable code after return statement
JavaScript warning: http://js.t.sinajs.cn/t6/webim_prime/js/webim.js?v=1501134659107, line 174: unreachable code after return statement
JavaScript warning: http://js.t.sinajs.cn/t6/webim_prime/js/webim.js?v=1501134659107, line 198: unreachable code after return statement
JavaScript warning: http://js.t.sinajs.cn/t6/webim_prime/js/webim.js?v=1501134659107, line 200: unreachable code after return statement
JavaScript warning: http://js.t.sinajs.cn/t6/webim_prime/js/webim.js?v=1501134659107, line 207: unreachable code after return statement
JavaScript warning: http://js.t.sinajs.cn/t6/webim_prime/js/webim.js?v=1501134659107, line 139: unreachable code after return statement
JavaScript warning: http://js2.t.sinajs.cn/t6/webim_prime/js/common/all.js?version=837158dbbf31783d, line 1: unreachable code after return statement
JavaScript warning: http://js2.t.sinajs.cn/t6/webim_prime/js/common/all.js?version=837158dbbf31783d, line 1: unreachable code after return statement
JavaScript warning: http://js.t.sinajs.cn/t6/webim_prime/js/webim.js?v=1501134718354, line 139: unreachable code after return statement
JavaScript warning: http://js.t.sinajs.cn/t6/webim_prime/js/webim.js?v=1501134718354, line 139: unreachable code after return statement
JavaScript warning: http://js.t.sinajs.cn/t6/webim_prime/js/webim.js?v=1501134718354, line 172: unreachable code after return statement
JavaScript warning: http://js.t.sinajs.cn/t6/webim_prime/js/webim.js?v=1501134718354, line 174: unreachable code after return statement
JavaScript warning: http://js.t.sinajs.cn/t6/webim_prime/js/webim.js?v=1501134718354, line 198: unreachable code after return statement
JavaScript warning: http://js.t.sinajs.cn/t6/webim_prime/js/webim.js?v=1501134718354, line 200: unreachable code after return statement
JavaScript warning: http://js.t.sinajs.cn/t6/webim_prime/js/webim.js?v=1501134718354, line 207: unreachable code after return statement
JavaScript warning: http://js.t.sinajs.cn/t6/webim_prime/js/webim.js?v=1501134718354, line 139: unreachable code after return statement
JavaScript warning: http://js2.t.sinajs.cn/t6/webim_prime/js/common/all.js?version=837158dbbf31783d, line 1: unreachable code after return statement
JavaScript warning: http://js2.t.sinajs.cn/t6/webim_prime/js/common/all.js?version=837158dbbf31783d, line 1: unreachable code after return statement
JavaScript warning: http://js.t.sinajs.cn/t6/webim_prime/js/webim.js?v=1501134779788, line 139: unreachable code after return statement
JavaScript warning: http://js.t.sinajs.cn/t6/webim_prime/js/webim.js?v=1501134779788, line 139: unreachable code after return statement
JavaScript warning: http://js.t.sinajs.cn/t6/webim_prime/js/webim.js?v=1501134779788, line 172: unreachable code after return statement
JavaScript warning: http://js.t.sinajs.cn/t6/webim_prime/js/webim.js?v=1501134779788, line 174: unreachable code after return statement
JavaScript warning: http://js.t.sinajs.cn/t6/webim_prime/js/webim.js?v=1501134779788, line 198: unreachable code after return statement
JavaScript warning: http://js.t.sinajs.cn/t6/webim_prime/js/webim.js?v=1501134779788, line 200: unreachable code after return statement
JavaScript warning: http://js.t.sinajs.cn/t6/webim_prime/js/webim.js?v=1501134779788, line 207: unreachable code after return statement
JavaScript warning: http://js.t.sinajs.cn/t6/webim_prime/js/webim.js?v=1501134779788, line 139: unreachable code after return statement
JavaScript warning: http://js2.t.sinajs.cn/t6/webim_prime/js/common/all.js?version=837158dbbf31783d, line 1: unreachable code after return statement
JavaScript warning: http://js2.t.sinajs.cn/t6/webim_prime/js/common/all.js?version=837158dbbf31783d, line 1: unreachable code after return statement
JavaScript warning: http://js.t.sinajs.cn/t6/webim_prime/js/webim.js?v=1501134849357, line 139: unreachable code after return statement
JavaScript warning: http://js.t.sinajs.cn/t6/webim_prime/js/webim.js?v=1501134849357, line 139: unreachable code after return statement
JavaScript warning: http://js.t.sinajs.cn/t6/webim_prime/js/webim.js?v=1501134849357, line 172: unreachable code after return statement
JavaScript warning: http://js.t.sinajs.cn/t6/webim_prime/js/webim.js?v=1501134849357, line 174: unreachable code after return statement
JavaScript warning: http://js.t.sinajs.cn/t6/webim_prime/js/webim.js?v=1501134849357, line 198: unreachable code after return statement
JavaScript warning: http://js.t.sinajs.cn/t6/webim_prime/js/webim.js?v=1501134849357, line 200: unreachable code after return statement
JavaScript warning: http://js.t.sinajs.cn/t6/webim_prime/js/webim.js?v=1501134849357, line 207: unreachable code after return statement
JavaScript warning: http://js.t.sinajs.cn/t6/webim_prime/js/webim.js?v=1501134849357, line 139: unreachable code after return statement
JavaScript warning: http://js2.t.sinajs.cn/t6/webim_prime/js/common/all.js?version=837158dbbf31783d, line 1: unreachable code after return statement
JavaScript warning: http://js2.t.sinajs.cn/t6/webim_prime/js/common/all.js?version=837158dbbf31783d, line 1: unreachable code after return statement
JavaScript warning: http://js.t.sinajs.cn/t6/webim_prime/js/webim.js?v=1501134907965, line 139: unreachable code after return statement
JavaScript warning: http://js.t.sinajs.cn/t6/webim_prime/js/webim.js?v=1501134907965, line 139: unreachable code after return statement
JavaScript warning: http://js.t.sinajs.cn/t6/webim_prime/js/webim.js?v=1501134907965, line 172: unreachable code after return statement
JavaScript warning: http://js.t.sinajs.cn/t6/webim_prime/js/webim.js?v=1501134907965, line 174: unreachable code after return statement
JavaScript warning: http://js.t.sinajs.cn/t6/webim_prime/js/webim.js?v=1501134907965, line 198: unreachable code after return statement
JavaScript warning: http://js.t.sinajs.cn/t6/webim_prime/js/webim.js?v=1501134907965, line 200: unreachable code after return statement
JavaScript warning: http://js.t.sinajs.cn/t6/webim_prime/js/webim.js?v=1501134907965, line 207: unreachable code after return statement
JavaScript warning: http://js.t.sinajs.cn/t6/webim_prime/js/webim.js?v=1501134907965, line 139: unreachable code after return statement
JavaScript warning: http://js2.t.sinajs.cn/t6/webim_prime/js/common/all.js?version=837158dbbf31783d, line 1: unreachable code after return statement
JavaScript warning: http://js2.t.sinajs.cn/t6/webim_prime/js/common/all.js?version=837158dbbf31783d, line 1: unreachable code after return statement
JavaScript warning: http://js.t.sinajs.cn/t6/webim_prime/js/webim.js?v=1501134972994, line 139: unreachable code after return statement
JavaScript warning: http://js.t.sinajs.cn/t6/webim_prime/js/webim.js?v=1501134972994, line 139: unreachable code after return statement
JavaScript warning: http://js.t.sinajs.cn/t6/webim_prime/js/webim.js?v=1501134972994, line 172: unreachable code after return statement
JavaScript warning: http://js.t.sinajs.cn/t6/webim_prime/js/webim.js?v=1501134972994, line 174: unreachable code after return statement
JavaScript warning: http://js.t.sinajs.cn/t6/webim_prime/js/webim.js?v=1501134972994, line 198: unreachable code after return statement
JavaScript warning: http://js.t.sinajs.cn/t6/webim_prime/js/webim.js?v=1501134972994, line 200: unreachable code after return statement
JavaScript warning: http://js.t.sinajs.cn/t6/webim_prime/js/webim.js?v=1501134972994, line 207: unreachable code after return statement
JavaScript warning: http://js.t.sinajs.cn/t6/webim_prime/js/webim.js?v=1501134972994, line 139: unreachable code after return statement
JavaScript warning: http://js2.t.sinajs.cn/t6/webim_prime/js/common/all.js?version=837158dbbf31783d, line 1: unreachable code after return statement
JavaScript warning: http://js2.t.sinajs.cn/t6/webim_prime/js/common/all.js?version=837158dbbf31783d, line 1: unreachable code after return statement
JavaScript warning: http://js.t.sinajs.cn/t6/webim_prime/js/webim.js?v=1501135033365, line 139: unreachable code after return statement
JavaScript warning: http://js.t.sinajs.cn/t6/webim_prime/js/webim.js?v=1501135033365, line 139: unreachable code after return statement
JavaScript warning: http://js.t.sinajs.cn/t6/webim_prime/js/webim.js?v=1501135033365, line 172: unreachable code after return statement
JavaScript warning: http://js.t.sinajs.cn/t6/webim_prime/js/webim.js?v=1501135033365, line 174: unreachable code after return statement
JavaScript warning: http://js.t.sinajs.cn/t6/webim_prime/js/webim.js?v=1501135033365, line 198: unreachable code after return statement
JavaScript warning: http://js.t.sinajs.cn/t6/webim_prime/js/webim.js?v=1501135033365, line 200: unreachable code after return statement
JavaScript warning: http://js.t.sinajs.cn/t6/webim_prime/js/webim.js?v=1501135033365, line 207: unreachable code after return statement
JavaScript warning: http://js.t.sinajs.cn/t6/webim_prime/js/webim.js?v=1501135033365, line 139: unreachable code after return statement
*************************
A coding exception was thrown and uncaught in a Task.

Full message: TypeError: NetworkError when attempting to fetch resource.
Full stack: 
*************************
JavaScript warning: http://js2.t.sinajs.cn/t6/webim_prime/js/common/all.js?version=837158dbbf31783d, line 1: unreachable code after return statement
JavaScript warning: http://js2.t.sinajs.cn/t6/webim_prime/js/common/all.js?version=837158dbbf31783d, line 1: unreachable code after return statement
JavaScript warning: http://js.t.sinajs.cn/t6/webim_prime/js/webim.js?v=1501135092463, line 139: unreachable code after return statement
JavaScript warning: http://js.t.sinajs.cn/t6/webim_prime/js/webim.js?v=1501135092463, line 139: unreachable code after return statement
JavaScript warning: http://js.t.sinajs.cn/t6/webim_prime/js/webim.js?v=1501135092463, line 172: unreachable code after return statement
JavaScript warning: http://js.t.sinajs.cn/t6/webim_prime/js/webim.js?v=1501135092463, line 174: unreachable code after return statement
JavaScript warning: http://js.t.sinajs.cn/t6/webim_prime/js/webim.js?v=1501135092463, line 198: unreachable code after return statement
JavaScript warning: http://js.t.sinajs.cn/t6/webim_prime/js/webim.js?v=1501135092463, line 200: unreachable code after return statement
JavaScript warning: http://js.t.sinajs.cn/t6/webim_prime/js/webim.js?v=1501135092463, line 207: unreachable code after return statement
JavaScript warning: http://js.t.sinajs.cn/t6/webim_prime/js/webim.js?v=1501135092463, line 139: unreachable code after return statement
JavaScript warning: http://js2.t.sinajs.cn/t6/webim_prime/js/common/all.js?version=837158dbbf31783d, line 1: unreachable code after return statement
JavaScript warning: http://js2.t.sinajs.cn/t6/webim_prime/js/common/all.js?version=837158dbbf31783d, line 1: unreachable code after return statement
JavaScript warning: http://js.t.sinajs.cn/t6/webim_prime/js/webim.js?v=1501135162009, line 139: unreachable code after return statement
JavaScript warning: http://js.t.sinajs.cn/t6/webim_prime/js/webim.js?v=1501135162009, line 139: unreachable code after return statement
JavaScript warning: http://js.t.sinajs.cn/t6/webim_prime/js/webim.js?v=1501135162009, line 172: unreachable code after return statement
JavaScript warning: http://js.t.sinajs.cn/t6/webim_prime/js/webim.js?v=1501135162009, line 174: unreachable code after return statement
JavaScript warning: http://js.t.sinajs.cn/t6/webim_prime/js/webim.js?v=1501135162009, line 198: unreachable code after return statement
JavaScript warning: http://js.t.sinajs.cn/t6/webim_prime/js/webim.js?v=1501135162009, line 200: unreachable code after return statement
JavaScript warning: http://js.t.sinajs.cn/t6/webim_prime/js/webim.js?v=1501135162009, line 207: unreachable code after return statement
JavaScript warning: http://js.t.sinajs.cn/t6/webim_prime/js/webim.js?v=1501135162009, line 139: unreachable code after return statement
JavaScript warning: http://js2.t.sinajs.cn/t6/webim_prime/js/common/all.js?version=837158dbbf31783d, line 1: unreachable code after return statement
JavaScript warning: http://js2.t.sinajs.cn/t6/webim_prime/js/common/all.js?version=837158dbbf31783d, line 1: unreachable code after return statement
JavaScript warning: http://js.t.sinajs.cn/t6/webim_prime/js/webim.js?v=1501135219260, line 139: unreachable code after return statement
JavaScript warning: http://js.t.sinajs.cn/t6/webim_prime/js/webim.js?v=1501135219260, line 139: unreachable code after return statement
JavaScript warning: http://js.t.sinajs.cn/t6/webim_prime/js/webim.js?v=1501135219260, line 172: unreachable code after return statement
JavaScript warning: http://js.t.sinajs.cn/t6/webim_prime/js/webim.js?v=1501135219260, line 174: unreachable code after return statement
JavaScript warning: http://js.t.sinajs.cn/t6/webim_prime/js/webim.js?v=1501135219260, line 198: unreachable code after return statement
JavaScript warning: http://js.t.sinajs.cn/t6/webim_prime/js/webim.js?v=1501135219260, line 200: unreachable code after return statement
JavaScript warning: http://js.t.sinajs.cn/t6/webim_prime/js/webim.js?v=1501135219260, line 207: unreachable code after return statement
JavaScript warning: http://js.t.sinajs.cn/t6/webim_prime/js/webim.js?v=1501135219260, line 139: unreachable code after return statement
JavaScript warning: http://js2.t.sinajs.cn/t6/webim_prime/js/common/all.js?version=837158dbbf31783d, line 1: unreachable code after return statement
JavaScript warning: http://js2.t.sinajs.cn/t6/webim_prime/js/common/all.js?version=837158dbbf31783d, line 1: unreachable code after return statement
JavaScript warning: http://js.t.sinajs.cn/t6/webim_prime/js/webim.js?v=1501135382281, line 139: unreachable code after return statement
JavaScript warning: http://js.t.sinajs.cn/t6/webim_prime/js/webim.js?v=1501135382281, line 139: unreachable code after return statement
JavaScript warning: http://js.t.sinajs.cn/t6/webim_prime/js/webim.js?v=1501135382281, line 172: unreachable code after return statement
JavaScript warning: http://js.t.sinajs.cn/t6/webim_prime/js/webim.js?v=1501135382281, line 174: unreachable code after return statement
JavaScript warning: http://js.t.sinajs.cn/t6/webim_prime/js/webim.js?v=1501135382281, line 198: unreachable code after return statement
JavaScript warning: http://js.t.sinajs.cn/t6/webim_prime/js/webim.js?v=1501135382281, line 200: unreachable code after return statement
JavaScript warning: http://js.t.sinajs.cn/t6/webim_prime/js/webim.js?v=1501135382281, line 207: unreachable code after return statement
JavaScript warning: http://js.t.sinajs.cn/t6/webim_prime/js/webim.js?v=1501135382281, line 139: unreachable code after return statement
